<?xml version="1.0" encoding="UTF-8"?>
<testng-results ignored="0" total="1" passed="1" failed="0" skipped="0">
  <reporter-output>
  </reporter-output>
  <suite started-at="2025-10-15T17:31:35 IST" name="Suite" finished-at="2025-10-15T17:31:41 IST" duration-ms="5393">
    <groups>
    </groups>
    <test started-at="2025-10-15T17:31:35 IST" name="ChromeTest" finished-at="2025-10-15T17:31:41 IST" duration-ms="5393">
      <class name="testscripts.AdminUsersTest">
        <test-method is-config="true" signature="initialiseBrowser(java.lang.String)[pri:0, instance:testscripts.AdminUsersTest@36902638]" started-at="2025-10-15T17:31:35 IST" name="initialiseBrowser" finished-at="2025-10-15T17:31:38 IST" duration-ms="2791" status="PASS">
          <params>
            <param index="0">
              <value>
                <![CDATA[chrome]]>
              </value>
            </param>
          </params>
          <reporter-output>
          </reporter-output>
        </test-method> <!-- initialiseBrowser -->
        <test-method signature="addNewUserDetails()[pri:0, instance:testscripts.AdminUsersTest@36902638]" started-at="2025-10-15T17:31:38 IST" name="addNewUserDetails" description="Verify whether user is able to add a new user details" finished-at="2025-10-15T17:31:41 IST" duration-ms="2559" status="PASS">
          <reporter-output>
          </reporter-output>
        </test-method> <!-- addNewUserDetails -->
        <test-method is-config="true" signature="quit()[pri:0, instance:testscripts.AdminUsersTest@36902638]" started-at="2025-10-15T17:31:41 IST" name="quit" finished-at="2025-10-15T17:31:41 IST" duration-ms="1" status="PASS">
          <reporter-output>
          </reporter-output>
        </test-method> <!-- quit -->
      </class> <!-- testscripts.AdminUsersTest -->
    </test> <!-- ChromeTest -->
  </suite> <!-- Suite -->
</testng-results>
